0 info it worked if it ends with ok
1 verbose cli [ '/usr/local/Cellar/node/5.7.0/bin/node',
1 verbose cli   '/usr/local/bin/npm',
1 verbose cli   'publish' ]
2 info using npm@3.8.9
3 info using node@v5.7.0
4 verbose publish [ '.' ]
5 silly cache add args [ '.', null ]
6 verbose cache add spec .
7 silly cache add parsed spec Result {
7 silly cache add   raw: '.',
7 silly cache add   scope: null,
7 silly cache add   name: null,
7 silly cache add   rawSpec: '.',
7 silly cache add   spec: '/Users/jmarinelli/Documents/js/hubot-trivia-game',
7 silly cache add   type: 'directory' }
8 verbose addLocalDirectory /Users/jmarinelli/.npm/ltcla-hubot-trivia-game/1.1.1/package.tgz not in flight; packing
9 verbose correctMkdir /Users/jmarinelli/.npm correctMkdir not in flight; initializing
10 info lifecycle ltcla-hubot-trivia-game@1.1.1~prepublish: ltcla-hubot-trivia-game@1.1.1
11 silly lifecycle ltcla-hubot-trivia-game@1.1.1~prepublish: no script for prepublish, continuing
12 verbose tar pack [ '/Users/jmarinelli/.npm/ltcla-hubot-trivia-game/1.1.1/package.tgz',
12 verbose tar pack   '/Users/jmarinelli/Documents/js/hubot-trivia-game' ]
13 verbose tarball /Users/jmarinelli/.npm/ltcla-hubot-trivia-game/1.1.1/package.tgz
14 verbose folder /Users/jmarinelli/Documents/js/hubot-trivia-game
15 verbose addLocalTarball adding from inside cache /Users/jmarinelli/.npm/ltcla-hubot-trivia-game/1.1.1/package.tgz
16 verbose correctMkdir /Users/jmarinelli/.npm correctMkdir not in flight; initializing
17 silly cache afterAdd ltcla-hubot-trivia-game@1.1.1
18 verbose afterAdd /Users/jmarinelli/.npm/ltcla-hubot-trivia-game/1.1.1/package/package.json not in flight; writing
19 verbose correctMkdir /Users/jmarinelli/.npm correctMkdir not in flight; initializing
20 verbose afterAdd /Users/jmarinelli/.npm/ltcla-hubot-trivia-game/1.1.1/package/package.json written
21 silly publish { name: 'ltcla-hubot-trivia-game',
21 silly publish   description: 'yet another trivia bot for Hubot',
21 silly publish   version: '1.1.1',
21 silly publish   author: { name: 'Michael Yin', email: 'mikeyin@mikeyin.org' },
21 silly publish   license: 'MIT',
21 silly publish   keywords: [ 'hubot', 'hubot-scripts', 'trivia', 'game' ],
21 silly publish   repository:
21 silly publish    { type: 'git',
21 silly publish      url: 'git://github.com/yincrash/hubot-trivia-game.git' },
21 silly publish   bugs: { url: 'https://github.com/yincrash/hubot-trivia-game/issues' },
21 silly publish   dependencies:
21 silly publish    { cheerio: '0.17.0',
21 silly publish      'coffee-script': '~1.6',
21 silly publish      'fuzzyset.js': '0.0.1' },
21 silly publish   devDependencies: { mocha: '*', chai: '*', 'sinon-chai': '*', sinon: '*' },
21 silly publish   main: 'index.coffee',
21 silly publish   scripts: { test: 'script/test' },
21 silly publish   readme: '# Hubot Trivia Game Plugin\n\nA trivia bot.\n\n## Commands\n\n*   **!trivia** - ask a question\n*   **!skip** - skip the current question\n*   **!answer <answer>** or **!a <answer>** - provide an answer\n*   **!score <player>** - check the score of the player\n*   **!scores** or **!score all** - check the score of all players\n*   **!h** or **!hint** - take a hint\n\n## Installation\n\n* In your hubot installation\'s path:\n* `npm install hubot-trivia-game --save`\n* edit `external-scripts.json` and add `hubot-trivia-game` to the JSON array.\n* if the file doesn\'t exist, create it with `["hubot-trivia-game"]`\n* add a `questions.json` file to `res/` folder which you may also need to create\n\n### Question DB\n\nThe question database is a file containing a JSON array of questions with the following properties:\n```\n{\n  "answer": "Pizza",\n  "category": "FOOD",\n  "question": "Crust, sauce, and toppings!",\n  "value": "$400"\n},\n```\nOne example of such a question set can be found [here](http://www.reddit.com/r/datasets/comments/1uyd0t/200000_jeopardy_questions_in_a_json_file).\n\nThe file needs to be stored in `<hubot_root>/res/questions.json`\n',
21 silly publish   readmeFilename: 'README.md',
21 silly publish   gitHead: '29da5e8def447aba3011cc4ce31d9cf6ef2ea4b7',
21 silly publish   homepage: 'https://github.com/yincrash/hubot-trivia-game#readme',
21 silly publish   _id: 'ltcla-hubot-trivia-game@1.1.1',
21 silly publish   _shasum: '9bf6789545e0e4bd7d16657c0c763867ed3bfd2a',
21 silly publish   _from: '.' }
22 verbose getPublishConfig undefined
23 silly mapToRegistry name ltcla-hubot-trivia-game
24 silly mapToRegistry using default registry
25 silly mapToRegistry registry https://registry.npmjs.org/
26 silly mapToRegistry data Result {
26 silly mapToRegistry   raw: 'ltcla-hubot-trivia-game',
26 silly mapToRegistry   scope: null,
26 silly mapToRegistry   name: 'ltcla-hubot-trivia-game',
26 silly mapToRegistry   rawSpec: '',
26 silly mapToRegistry   spec: 'latest',
26 silly mapToRegistry   type: 'tag' }
27 silly mapToRegistry uri https://registry.npmjs.org/ltcla-hubot-trivia-game
28 verbose publish registryBase https://registry.npmjs.org/
29 silly publish uploading /Users/jmarinelli/.npm/ltcla-hubot-trivia-game/1.1.1/package.tgz
30 verbose request uri https://registry.npmjs.org/ltcla-hubot-trivia-game
31 verbose request sending authorization for write operation
32 info attempt registry request try #1 at 10:13:04 AM
33 verbose request using bearer token for auth
34 verbose request id 9dc3aeec62fc1f5b
35 http request PUT https://registry.npmjs.org/ltcla-hubot-trivia-game
36 http 403 https://registry.npmjs.org/ltcla-hubot-trivia-game
37 verbose headers { 'content-type': 'application/json',
37 verbose headers   'cache-control': 'max-age=300',
37 verbose headers   'content-length': '95',
37 verbose headers   'accept-ranges': 'bytes',
37 verbose headers   date: 'Fri, 11 Nov 2016 18:08:11 GMT',
37 verbose headers   via: '1.1 varnish',
37 verbose headers   connection: 'keep-alive',
37 verbose headers   'x-served-by': 'cache-dfw1829-DFW',
37 verbose headers   'x-cache': 'MISS',
37 verbose headers   'x-cache-hits': '0',
37 verbose headers   'x-timer': 'S1478887690.955486,VS0,VE773',
37 verbose headers   vary: 'Accept-Encoding' }
38 verbose request invalidating /Users/jmarinelli/.npm/registry.npmjs.org/ltcla-hubot-trivia-game on PUT
39 error publish Failed PUT 403
40 verbose stack Error: "You cannot publish over the previously published version 1.1.1." : ltcla-hubot-trivia-game
40 verbose stack     at makeError (/usr/local/lib/node_modules/npm/node_modules/npm-registry-client/lib/request.js:264:12)
40 verbose stack     at CachingRegistryClient.<anonymous> (/usr/local/lib/node_modules/npm/node_modules/npm-registry-client/lib/request.js:252:14)
40 verbose stack     at Request._callback (/usr/local/lib/node_modules/npm/node_modules/npm-registry-client/lib/request.js:172:14)
40 verbose stack     at Request.self.callback (/usr/local/lib/node_modules/npm/node_modules/request/request.js:200:22)
40 verbose stack     at emitTwo (events.js:100:13)
40 verbose stack     at Request.emit (events.js:185:7)
40 verbose stack     at Request.<anonymous> (/usr/local/lib/node_modules/npm/node_modules/request/request.js:1067:10)
40 verbose stack     at emitOne (events.js:95:20)
40 verbose stack     at Request.emit (events.js:182:7)
40 verbose stack     at IncomingMessage.<anonymous> (/usr/local/lib/node_modules/npm/node_modules/request/request.js:988:12)
41 verbose statusCode 403
42 verbose pkgid ltcla-hubot-trivia-game
43 verbose cwd /Users/jmarinelli/Documents/js/hubot-trivia-game
44 error Darwin 15.6.0
45 error argv "/usr/local/Cellar/node/5.7.0/bin/node" "/usr/local/bin/npm" "publish"
46 error node v5.7.0
47 error npm  v3.8.9
48 error code E403
49 error "You cannot publish over the previously published version 1.1.1." : ltcla-hubot-trivia-game
50 error If you need help, you may report this error at:
50 error     <https://github.com/npm/npm/issues>
51 verbose exit [ 1, true ]
